<?xml version="1.0" encoding="UTF-8"?>
<!-- Generated by org.testng.reporters.JUnitReportReporter -->
<testsuite hostname="Yutaka" name="com.sqa.ao.selenium.elements.ElementsTests" tests="1" failures="0" timestamp="24 Oct 2015 23:12:48 GMT" time="17.492" errors="0">
  <testcase name="testUpperMethod" time="17.492" classname="com.sqa.ao.selenium.elements.ElementsTests"/>
</testsuite> <!-- com.sqa.ao.selenium.elements.ElementsTests -->
