<?xml version="1.0" encoding="UTF-8"?>
<!-- Generated by org.testng.reporters.JUnitReportReporter -->
<testsuite hostname="Yutaka" name="com.sqa.ao.selenium.elements.ElementsTests" tests="1" failures="0" timestamp="24 Oct 2015 16:54:10 GMT" time="84.275" errors="0">
  <testcase name="testAmazon" time="84.275" classname="com.sqa.ao.selenium.elements.ElementsTests"/>
</testsuite> <!-- com.sqa.ao.selenium.elements.ElementsTests -->
